[INFO ] [2022-02-17 22:34:44,354] Register - Step 01: Navigate to Register page
[INFO ] [2022-02-17 22:34:45,017] Register - Step 02: Enter to Firstname textbox with value isAutomation
[INFO ] [2022-02-17 22:34:45,161] Register - Step 03: Enter to lastName textbox with value isFC
[INFO ] [2022-02-17 22:34:45,255] Register - Step 04: Enter to emailAddress textbox with value isafc2645@mail.net
[INFO ] [2022-02-17 22:34:45,349] Register - Step 05: Enter to password textbox with value is123456
[INFO ] [2022-02-17 22:34:45,446] Register - Step 06: Enter to password textbox with value is123456
[INFO ] [2022-02-17 22:34:45,539] Register - Step 07: Click to Register button
[INFO ] [2022-02-17 22:34:46,588] Register - Step 08: Verify Register Success message display
[INFO ] [2022-02-17 22:34:46,588] Register - Step 09: Click to logout link 
[INFO ] [2022-02-17 22:34:47,508] Login - Step 01: Navigate to Login page
[INFO ] [2022-02-17 22:34:48,131] Login - Step 02: Enter to emailAddress textbox with value is afc2645@mail.net
[INFO ] [2022-02-17 22:34:48,219] Login - Step 03: Enter to password textbox with value is123456
[INFO ] [2022-02-17 22:34:48,307] Login - Step 04: Click to Login button
[INFO ] [2022-02-17 22:34:49,250] Login - Step 05: Verify My Account Link is display
[INFO ] [2022-02-17 22:35:42,545] Register - Step 01: Navigate to Register page
[INFO ] [2022-02-17 22:35:43,191] Register - Step 02: Enter to Firstname textbox with value isAutomation
[INFO ] [2022-02-17 22:35:43,362] Register - Step 03: Enter to lastName textbox with value isFC
[INFO ] [2022-02-17 22:35:43,452] Register - Step 04: Enter to emailAddress textbox with value isafc3836@mail.net
[INFO ] [2022-02-17 22:35:43,551] Register - Step 05: Enter to password textbox with value is123456
[INFO ] [2022-02-17 22:35:43,645] Register - Step 06: Enter to password textbox with value is123456
[INFO ] [2022-02-17 22:35:43,734] Register - Step 07: Click to Register button
[INFO ] [2022-02-17 22:35:44,708] Register - Step 08: Verify Register Success message display
[INFO ] [2022-02-17 22:35:44,708] Register - Step 09: Click to logout link 
[INFO ] [2022-02-17 22:35:45,700] Login - Step 01: Navigate to Login page
[INFO ] [2022-02-17 22:35:46,431] Login - Step 02: Enter to emailAddress textbox with value is afc3836@mail.net
[INFO ] [2022-02-17 22:35:46,521] Login - Step 03: Enter to password textbox with value is123456
[INFO ] [2022-02-17 22:35:46,607] Login - Step 04: Click to Login button
[INFO ] [2022-02-17 22:35:47,862] Login - Step 05: Verify My Account Link is display
[INFO ] [2022-02-17 22:53:28,266] Register - Step 01: Navigate to Register page
[INFO ] [2022-02-17 22:53:28,942] Register - Step 02: Enter to Firstname textbox with value isAutomation
[INFO ] [2022-02-17 22:53:29,083] Register - Step 03: Enter to lastName textbox with value isFC
[INFO ] [2022-02-17 22:53:29,206] Register - Step 04: Enter to emailAddress textbox with value isafc1353@mail.net
[INFO ] [2022-02-17 22:53:29,301] Register - Step 05: Enter to password textbox with value is123456
[INFO ] [2022-02-17 22:53:29,393] Register - Step 06: Enter to password textbox with value is123456
[INFO ] [2022-02-17 22:53:29,482] Register - Step 07: Click to Register button
[INFO ] [2022-02-17 22:53:30,514] Register - Step 08: Verify Register Success message display
[INFO ] [2022-02-17 22:53:30,514] Register - Step 09: Click to logout link 
[INFO ] [2022-02-17 22:53:31,389] Login - Step 01: Navigate to Login page
[INFO ] [2022-02-17 22:53:32,020] Login - Step 02: Enter to emailAddress textbox with value is afc1353@mail.net
[INFO ] [2022-02-17 22:53:32,109] Login - Step 03: Enter to password textbox with value is123456
[INFO ] [2022-02-17 22:53:32,193] Login - Step 04: Click to Login button
[INFO ] [2022-02-17 22:53:33,153] Login - Step 05: Verify My Account Link is display
[INFO ] [2022-02-17 22:53:33,195]  -------------------------- PASSED -------------------------- 
[INFO ] [2022-02-17 23:09:15,358] Register - Step 01: Navigate to Register page
[INFO ] [2022-02-17 23:09:16,025] Register - Step 02: Enter to Firstname textbox with value isAutomation
[INFO ] [2022-02-17 23:09:16,166] Register - Step 03: Enter to lastName textbox with value isFC
[INFO ] [2022-02-17 23:09:16,256] Register - Step 04: Enter to emailAddress textbox with value isafc2903@mail.net
[INFO ] [2022-02-17 23:09:16,357] Register - Step 05: Enter to password textbox with value is123456
[INFO ] [2022-02-17 23:09:16,456] Register - Step 06: Enter to password textbox with value is123456
[INFO ] [2022-02-17 23:09:16,545] Register - Step 07: Click to Register button
[INFO ] [2022-02-17 23:09:17,695] Register - Step 08: Verify Register Success message display
[INFO ] [2022-02-17 23:09:17,695] Register - Step 09: Click to logout link 
[INFO ] [2022-02-17 23:09:18,668] Login - Step 01: Navigate to Login page
[INFO ] [2022-02-17 23:09:19,371] Login - Step 02: Enter to emailAddress textbox with value is afc2903@mail.net
[INFO ] [2022-02-17 23:09:19,460] Login - Step 03: Enter to password textbox with value is123456
[INFO ] [2022-02-17 23:09:19,545] Login - Step 04: Click to Login button
[INFO ] [2022-02-17 23:09:20,523] Login - Step 05: Verify My Account Link is display
[INFO ] [2022-02-17 23:09:20,564]  -------------------------- PASSED -------------------------- 
[INFO ] [2022-03-01 10:20:29,123] Register - Step 01: Navigate to Register page
[INFO ] [2022-03-01 10:20:29,737] Register - Step 02: Enter to Firstname textbox with value isAutomation
[INFO ] [2022-03-01 10:20:29,913] Register - Step 03: Enter to lastName textbox with value isFC
[INFO ] [2022-03-01 10:20:30,009] Register - Step 04: Enter to emailAddress textbox with value isafc8471@mail.net
[INFO ] [2022-03-01 10:20:30,120] Register - Step 05: Enter to password textbox with value is123456
[INFO ] [2022-03-01 10:20:30,229] Register - Step 06: Enter to password textbox with value is123456
[INFO ] [2022-03-01 10:20:30,327] Register - Step 07: Click to Register button
[INFO ] [2022-03-01 10:20:31,284] Register - Step 08: Verify Register Success message display
[INFO ] [2022-03-01 10:20:31,284] Register - Step 09: Click to logout link 
[INFO ] [2022-03-01 10:20:32,109] Login - Step 01: Navigate to Login page
[INFO ] [2022-03-01 10:20:32,673] Login - Step 02: Enter to emailAddress textbox with value is afc8471@mail.net
[INFO ] [2022-03-01 10:20:32,775] Login - Step 03: Enter to password textbox with value is123456
[INFO ] [2022-03-01 10:20:32,872] Login - Step 04: Click to Login button
[INFO ] [2022-03-01 10:20:33,685] Login - Step 05: Verify My Account Link is display
[INFO ] [2022-03-01 10:20:33,747]  -------------------------- PASSED -------------------------- 
[INFO ] [2022-03-01 14:40:12,718] Register - Step 01: Navigate to Register page
[INFO ] [2022-03-01 14:40:13,315] Register - Step 02: Enter to Firstname textbox with value isAutomation
[INFO ] [2022-03-01 14:40:13,460] Register - Step 03: Enter to lastName textbox with value isFC
[INFO ] [2022-03-01 14:40:13,553] Register - Step 04: Enter to emailAddress textbox with value isafc998@mail.net
[INFO ] [2022-03-01 14:40:13,650] Register - Step 05: Enter to password textbox with value is123456
[INFO ] [2022-03-01 14:40:13,753] Register - Step 06: Enter to password textbox with value is123456
[INFO ] [2022-03-01 14:40:13,846] Register - Step 07: Click to Register button
[INFO ] [2022-03-01 14:40:15,020] Register - Step 08: Verify Register Success message display
[INFO ] [2022-03-01 14:40:15,020] Register - Step 09: Click to logout link 
[INFO ] [2022-03-01 14:40:15,791] Login - Step 01: Navigate to Login page
[INFO ] [2022-03-01 14:40:16,327] Login - Step 02: Enter to emailAddress textbox with value is afc998@mail.net
[INFO ] [2022-03-01 14:40:16,420] Login - Step 03: Enter to password textbox with value is123456
[INFO ] [2022-03-01 14:40:16,509] Login - Step 04: Click to Login button
[INFO ] [2022-03-01 14:40:17,465] Login - Step 05: Verify My Account Link is display
[INFO ] [2022-03-01 14:40:17,513]  -------------------------- PASSED -------------------------- 
[INFO ] [2022-03-01 14:43:57,581] Register - Step 01: Navigate to Register page
[INFO ] [2022-03-01 14:43:58,147] Register - Step 02: Enter to Firstname textbox with value isAutomation
[INFO ] [2022-03-01 14:43:58,289] Register - Step 03: Enter to lastName textbox with value isFC
[INFO ] [2022-03-01 14:43:58,381] Register - Step 04: Enter to emailAddress textbox with value isafc9118@mail.net
[INFO ] [2022-03-01 14:43:58,480] Register - Step 05: Enter to password textbox with value is123456
[INFO ] [2022-03-01 14:43:58,579] Register - Step 06: Enter to password textbox with value is123456
[INFO ] [2022-03-01 14:43:58,677] Register - Step 07: Click to Register button
[INFO ] [2022-03-01 14:43:59,821] Register - Step 08: Verify Register Success message display
[INFO ] [2022-03-01 14:44:00,486] Login - Step 01: Navigate to Login page
[INFO ] [2022-03-01 14:55:21,189] Register - Step 01: Navigate to Register page
[INFO ] [2022-03-01 14:55:21,809] Register - Step 02: Enter to Firstname textbox with value isAutomation
[INFO ] [2022-03-01 14:55:21,956] Register - Step 03: Enter to lastName textbox with value isFC
[INFO ] [2022-03-01 14:55:22,051] Register - Step 04: Enter to emailAddress textbox with value isafc7961@mail.net
[INFO ] [2022-03-01 14:55:22,150] Register - Step 05: Enter to password textbox with value is123456
[INFO ] [2022-03-01 14:55:22,248] Register - Step 06: Enter to password textbox with value is123456
[INFO ] [2022-03-01 14:55:22,340] Register - Step 07: Click to Register button
[INFO ] [2022-03-01 14:55:23,354] Register - Step 08: Verify Register Success message display
[INFO ] [2022-03-01 14:55:23,981] Login - Step 01: Navigate to Login page
[INFO ] [2022-03-01 15:48:32,423] Register - Step 01: Navigate to Register page
[INFO ] [2022-03-01 15:48:33,038] Register - Step 02: Enter to Firstname textbox with value isAutomation
[INFO ] [2022-03-01 15:48:33,189] Register - Step 03: Enter to lastName textbox with value isFC
[INFO ] [2022-03-01 15:48:33,285] Register - Step 04: Enter to emailAddress textbox with value isafc8416@mail.net
[INFO ] [2022-03-01 15:48:33,386] Register - Step 05: Enter to password textbox with value is123456
[INFO ] [2022-03-01 15:48:33,484] Register - Step 06: Enter to password textbox with value is123456
[INFO ] [2022-03-01 15:48:33,571] Register - Step 07: Click to Register button
[INFO ] [2022-03-01 15:48:34,478] Register - Step 08: Verify Register Success message display
[INFO ] [2022-03-01 15:48:34,542] Login - Step 01: Navigate to Login page
[INFO ] [2022-03-27 17:08:35,785] Login - Step 01: Navigate to Login page
[INFO ] [2022-03-27 17:08:37,129] Login - Step 02: Enter to emailAddress textbox with value is afc3476@mail.net
[INFO ] [2022-03-27 17:08:37,288] Login - Step 03: Enter to password textbox with value is123456
[INFO ] [2022-03-27 17:08:37,404] Login - Step 04: Click to Login button
[INFO ] [2022-03-27 18:47:41,086] Pre-condition - Step 1: Navigate to Login page
[INFO ] [2022-03-27 18:47:41,669] Pre-condition - Step 2: Set cookie and reload page 
[INFO ] [2022-03-27 18:47:44,714] Pre-condition - Step 3: Enter to password textbox with value isnull
[INFO ] [2022-03-30 12:41:12,993] Register - Step 01: Navigate to Register page
[INFO ] [2022-03-30 12:41:13,622] Register - Step 02: Enter to Firstname textbox with value isAutomation
[INFO ] [2022-03-30 12:41:13,796] Register - Step 03: Enter to lastName textbox with value isFC
[INFO ] [2022-03-30 12:41:13,901] Register - Step 04: Enter to emailAddress textbox with value isafc3836@mail.net
[INFO ] [2022-03-30 12:41:14,023] Register - Step 05: Enter to password textbox with value is123456
[INFO ] [2022-03-30 12:41:14,143] Register - Step 06: Enter to password textbox with value is123456
[INFO ] [2022-03-30 12:41:14,248] Register - Step 07: Click to Register button
[INFO ] [2022-03-30 12:41:15,464] Register - Step 08: Verify Register Success message display
[INFO ] [2022-03-30 12:41:15,464] Register - Step 09: Click to logout link 
[INFO ] [2022-03-30 12:41:16,341] Login - Step 01: Navigate to Login page
[INFO ] [2022-03-30 12:41:17,838] Login - Step 02: Enter to emailAddress textbox with value is afc3836@mail.net
[INFO ] [2022-03-30 12:41:17,939] Login - Step 03: Enter to password textbox with value is123456
[INFO ] [2022-03-30 12:41:18,045] Login - Step 04: Click to Login button
[INFO ] [2022-03-30 12:41:18,816] Login - Step 05: Verify My Account Link is display
[INFO ] [2022-03-30 12:41:18,876]  -------------------------- PASSED -------------------------- 
[INFO ] [2022-03-30 12:58:47,740] Register - Step 01: Navigate to Register page
[INFO ] [2022-03-30 12:58:49,385] Register - Step 02: Enter to Firstname textbox with value isAutomation
[INFO ] [2022-03-30 12:58:49,538] Register - Step 03: Enter to lastName textbox with value isFC
[INFO ] [2022-03-30 12:58:49,645] Register - Step 04: Enter to emailAddress textbox with value isafc1268@mail.net
[INFO ] [2022-03-30 12:58:49,769] Register - Step 05: Enter to password textbox with value is123456
[INFO ] [2022-03-30 12:58:49,883] Register - Step 06: Enter to password textbox with value is123456
[INFO ] [2022-03-30 12:58:49,991] Register - Step 07: Click to Register button
[INFO ] [2022-03-30 12:58:51,842] Register - Step 08: Verify Register Success message display
[INFO ] [2022-03-30 12:58:51,842] Register - Step 09: Click to logout link 
[INFO ] [2022-03-30 12:58:52,718] Login - Step 10: Navigate to Login page
[INFO ] [2022-03-30 12:58:54,220] Login - Step 11: Enter to emailAddress textbox with value is afc1268@mail.net
[INFO ] [2022-03-30 12:58:54,310] Login - Step 12: Enter to password textbox with value is123456
[INFO ] [2022-03-30 12:58:54,401] Login - Step 13: Click to Login button
[INFO ] [2022-03-30 12:58:55,187] Login - Step 14: Verify My Account Link is display
[INFO ] [2022-03-30 12:58:55,227]  -------------------------- PASSED -------------------------- 
[INFO ] [2022-03-30 13:00:56,299] Register - Step 01: Navigate to Register page
[INFO ] [2022-03-30 13:00:56,891] Register - Step 02: Enter to Firstname textbox with value isAutomation
[INFO ] [2022-03-30 13:00:57,030] Register - Step 03: Enter to lastName textbox with value isFC
[INFO ] [2022-03-30 13:00:57,125] Register - Step 04: Enter to emailAddress textbox with value isafc9654@mail.net
[INFO ] [2022-03-30 13:00:57,219] Register - Step 05: Enter to password textbox with value is123456
[INFO ] [2022-03-30 13:00:57,314] Register - Step 06: Enter to password textbox with value is123456
[INFO ] [2022-03-30 13:00:57,403] Register - Step 07: Click to Register button
[INFO ] [2022-03-30 13:00:58,247] Register - Step 08: Verify Register Success message display
[INFO ] [2022-03-30 13:03:44,140] Register - Step 01: Navigate to Register page
[INFO ] [2022-03-30 13:03:44,725] Register - Step 02: Enter to Firstname textbox with value isAutomation
[INFO ] [2022-03-30 13:03:44,867] Register - Step 03: Enter to lastName textbox with value isFC
[INFO ] [2022-03-30 13:03:44,957] Register - Step 04: Enter to emailAddress textbox with value isafc3308@mail.net
[INFO ] [2022-03-30 13:03:45,056] Register - Step 05: Enter to password textbox with value is123456
[INFO ] [2022-03-30 13:03:45,150] Register - Step 06: Enter to password textbox with value is123456
[INFO ] [2022-03-30 13:03:45,242] Register - Step 07: Click to Register button
[INFO ] [2022-03-30 13:03:46,129] Register - Step 08: Verify Register Success message display
[INFO ] [2022-03-30 14:06:30,205] Register - Step 01: Navigate to Register page
[INFO ] [2022-03-30 14:06:30,832] Register - Step 02: Enter to Firstname textbox with value isAutomation
[INFO ] [2022-03-30 14:06:30,976] Register - Step 03: Enter to lastName textbox with value isFC
[INFO ] [2022-03-30 14:06:31,069] Register - Step 04: Enter to emailAddress textbox with value isafc3194@mail.net
[INFO ] [2022-03-30 14:06:31,175] Register - Step 05: Enter to password textbox with value is123456
[INFO ] [2022-03-30 14:06:31,275] Register - Step 06: Enter to password textbox with value is123456
[INFO ] [2022-03-30 14:06:31,366] Register - Step 07: Click to Register button
[INFO ] [2022-03-30 14:06:32,344] Register - Step 08: Verify Register Success message display
[INFO ] [2022-03-30 14:06:32,514] OS name = mac os x
[INFO ] [2022-03-30 14:06:32,514] Driver instance name = edgedriver: msedge on mac (036d96819d8c0ed93bc53baaf8088127)
